The system is: Windows - 10.0.19042 - AMD64
Compiling the C compiler identification source file "CMakeCCompilerId.c" succeeded.
Compiler: C:/cygwin64/bin/x86_64-w64-mingw32-gcc.exe 
Build flags: 
Id flags:  

The output was:
0


Compilation of the C compiler identification source "CMakeCCompilerId.c" produced "a.exe"

The C compiler identification is GNU, found in "C:/Dev/C/quiz/build/CMakeFiles/3.19.2/CompilerIdC/a.exe"

Detecting C compiler ABI info compiled with the following output:
Change Dir: C:/Dev/C/quiz/build/CMakeFiles/CMakeTmp

Run Build Command(s):C:/QNX650/host/win32/x86/usr/bin/make.exe cmTC_8468e/fast && C:/QNX650/host/win32/x86/usr/bin/make.exe  -f CMakeFiles/cmTC_8468e.dir/build.make CMakeFiles/cmTC_8468e.dir/build
make.exe[1]: Entering directory `C:/Dev/C/quiz/build/CMakeFiles/CMakeTmp'
Building C object CMakeFiles/cmTC_8468e.dir/CMakeCCompilerABI.c.obj
C:/cygwin64/bin/x86_64-w64-mingw32-gcc.exe   -v -o CMakeFiles/cmTC_8468e.dir/CMakeCCompilerABI.c.obj -c "C:/Program Files/CMake/share/cmake-3.19/Modules/CMakeCCompilerABI.c"
Using built-in specs.
COLLECT_GCC=/usr/bin/x86_64-w64-mingw32-gcc
Target: x86_64-w64-mingw32
Configured with: /mnt/share/cygpkgs/mingw64-x86_64-gcc/mingw64-x86_64-gcc.x86_64/src/gcc-10.2.0/configure --srcdir=/mnt/share/cygpkgs/mingw64-x86_64-gcc/mingw64-x86_64-gcc.x86_64/src/gcc-10.2.0 --prefix=/usr --exec-prefix=/usr --localstatedir=/var --sysconfdir=/etc --docdir=/usr/share/doc/mingw64-x86_64-gcc --htmldir=/usr/share/doc/mingw64-x86_64-gcc/html -C --build=x86_64-pc-cygwin --host=x86_64-pc-cygwin --target=x86_64-w64-mingw32 --without-libiconv-prefix --without-libintl-prefix --with-sysroot=/usr/x86_64-w64-mingw32/sys-root --with-build-sysroot=/usr/x86_64-w64-mingw32/sys-root --disable-multilib --disable-win32-registry --enable-languages=c,c++,fortran,lto,objc,obj-c++ --enable-fully-dynamic-string --enable-graphite --enable-libgomp --enable-libquadmath --enable-libquadmath-support --enable-libssp --enable-version-specific-runtime-libs --enable-libgomp --enable-libada --with-dwarf2 --with-gcc-major-version-only --with-gnu-ld --with-gnu-as --with-tune=generic --with-cloog-include=/usr/include/cloog-isl --with-system-zlib --enable-threads=posix --libexecdir=/usr/lib
Thread model: posix
Supported LTO compression algorithms: zlib zstd
gcc version 10.2.0 (GCC) 
COLLECT_GCC_OPTIONS='-v' '-o' 'CMakeFiles/cmTC_8468e.dir/CMakeCCompilerABI.c.obj' '-c' '-mtune=generic' '-march=x86-64'
 /usr/lib/gcc/x86_64-w64-mingw32/10/cc1.exe -quiet -v -D_REENTRANT C:/Program Files/CMake/share/cmake-3.19/Modules/CMakeCCompilerABI.c -quiet -dumpbase CMakeCCompilerABI.c -mtune=generic -march=x86-64 -auxbase-strip CMakeFiles/cmTC_8468e.dir/CMakeCCompilerABI.c.obj -version -o /cygdrive/c/Users/dehauf/AppData/Local/Temp/ccqWUXwc.s
GNU C17 (GCC) version 10.2.0 (x86_64-w64-mingw32)
	compiled by GNU C version 10.2.0, GMP version 6.2.0, MPFR version 4.1.0, MPC version 1.2.0, isl version isl-0.22.1-GMP

warning: GMP header version 6.2.0 differs from library version 6.2.1.
warning: MPC header version 1.2.0 differs from library version 1.2.1.
GGC heuristics: --param ggc-min-expand=100 --param ggc-min-heapsize=131072
ignoring nonexistent directory "/usr/x86_64-w64-mingw32/sys-root/usr/local/include"
ignoring nonexistent directory "/usr/lib/gcc/x86_64-w64-mingw32/10/../../../../x86_64-w64-mingw32/include"
#include "..." search starts here:
#include <...> search starts here:
 /usr/lib/gcc/x86_64-w64-mingw32/10/include
 /usr/lib/gcc/x86_64-w64-mingw32/10/include-fixed
 /usr/x86_64-w64-mingw32/sys-root/mingw/include
End of search list.
GNU C17 (GCC) version 10.2.0 (x86_64-w64-mingw32)
	compiled by GNU C version 10.2.0, GMP version 6.2.0, MPFR version 4.1.0, MPC version 1.2.0, isl version isl-0.22.1-GMP

warning: GMP header version 6.2.0 differs from library version 6.2.1.
warning: MPC header version 1.2.0 differs from library version 1.2.1.
GGC heuristics: --param ggc-min-expand=100 --param ggc-min-heapsize=131072
Compiler executable checksum: e05443907826694ad540d57ee4dffbf1
COLLECT_GCC_OPTIONS='-v' '-o' 'CMakeFiles/cmTC_8468e.dir/CMakeCCompilerABI.c.obj' '-c' '-mtune=generic' '-march=x86-64'
 /usr/lib/gcc/x86_64-w64-mingw32/10/../../../../x86_64-w64-mingw32/bin/as.exe -v -o CMakeFiles/cmTC_8468e.dir/CMakeCCompilerABI.c.obj /cygdrive/c/Users/dehauf/AppData/Local/Temp/ccqWUXwc.s
GNU assembler version 2.35.2 (x86_64-w64-mingw32) using BFD version (GNU Binutils) 2.35.2
COMPILER_PATH=/usr/lib/gcc/x86_64-w64-mingw32/10/:/usr/lib/gcc/x86_64-w64-mingw32/10/:/usr/lib/gcc/x86_64-w64-mingw32/:/usr/lib/gcc/x86_64-w64-mingw32/10/:/usr/lib/gcc/x86_64-w64-mingw32/:/usr/lib/gcc/x86_64-w64-mingw32/10/../../../../x86_64-w64-mingw32/bin/
LIBRARY_PATH=/usr/lib/gcc/x86_64-w64-mingw32/10/:/usr/lib/gcc/x86_64-w64-mingw32/10/../../../../x86_64-w64-mingw32/lib/../lib/:/usr/x86_64-w64-mingw32/sys-root/mingw/lib/../lib/:/usr/lib/gcc/x86_64-w64-mingw32/10/../../../../x86_64-w64-mingw32/lib/:/usr/x86_64-w64-mingw32/sys-root/mingw/lib/
COLLECT_GCC_OPTIONS='-v' '-o' 'CMakeFiles/cmTC_8468e.dir/CMakeCCompilerABI.c.obj' '-c' '-mtune=generic' '-march=x86-64'
Linking C executable cmTC_8468e.exe
"C:/Program Files/CMake/bin/cmake.exe" -E rm -f CMakeFiles/cmTC_8468e.dir/objects.a
C:/cygwin64/bin/x86_64-w64-mingw32-ar.exe cr CMakeFiles/cmTC_8468e.dir/objects.a @CMakeFiles/cmTC_8468e.dir/objects1.rsp
C:/cygwin64/bin/x86_64-w64-mingw32-gcc.exe  -v -Wl,--whole-archive CMakeFiles/cmTC_8468e.dir/objects.a -Wl,--no-whole-archive -o cmTC_8468e.exe -Wl,--out-implib,libcmTC_8468e.dll.a -Wl,--major-image-version,0,--minor-image-version,0 
Using built-in specs.
COLLECT_GCC=/usr/bin/x86_64-w64-mingw32-gcc
COLLECT_LTO_WRAPPER=/usr/lib/gcc/x86_64-w64-mingw32/10/lto-wrapper.exe
Target: x86_64-w64-mingw32
Configured with: /mnt/share/cygpkgs/mingw64-x86_64-gcc/mingw64-x86_64-gcc.x86_64/src/gcc-10.2.0/configure --srcdir=/mnt/share/cygpkgs/mingw64-x86_64-gcc/mingw64-x86_64-gcc.x86_64/src/gcc-10.2.0 --prefix=/usr --exec-prefix=/usr --localstatedir=/var --sysconfdir=/etc --docdir=/usr/share/doc/mingw64-x86_64-gcc --htmldir=/usr/share/doc/mingw64-x86_64-gcc/html -C --build=x86_64-pc-cygwin --host=x86_64-pc-cygwin --target=x86_64-w64-mingw32 --without-libiconv-prefix --without-libintl-prefix --with-sysroot=/usr/x86_64-w64-mingw32/sys-root --with-build-sysroot=/usr/x86_64-w64-mingw32/sys-root --disable-multilib --disable-win32-registry --enable-languages=c,c++,fortran,lto,objc,obj-c++ --enable-fully-dynamic-string --enable-graphite --enable-libgomp --enable-libquadmath --enable-libquadmath-support --enable-libssp --enable-version-specific-runtime-libs --enable-libgomp --enable-libada --with-dwarf2 --with-gcc-major-version-only --with-gnu-ld --with-gnu-as --with-tune=generic --with-cloog-include=/usr/include/cloog-isl --with-system-zlib --enable-threads=posix --libexecdir=/usr/lib
Thread model: posix
Supported LTO compression algorithms: zlib zstd
gcc version 10.2.0 (GCC) 
COMPILER_PATH=/usr/lib/gcc/x86_64-w64-mingw32/10/:/usr/lib/gcc/x86_64-w64-mingw32/10/:/usr/lib/gcc/x86_64-w64-mingw32/:/usr/lib/gcc/x86_64-w64-mingw32/10/:/usr/lib/gcc/x86_64-w64-mingw32/:/usr/lib/gcc/x86_64-w64-mingw32/10/../../../../x86_64-w64-mingw32/bin/
LIBRARY_PATH=/usr/lib/gcc/x86_64-w64-mingw32/10/:/usr/lib/gcc/x86_64-w64-mingw32/10/../../../../x86_64-w64-mingw32/lib/../lib/:/usr/x86_64-w64-mingw32/sys-root/mingw/lib/../lib/:/usr/lib/gcc/x86_64-w64-mingw32/10/../../../../x86_64-w64-mingw32/lib/:/usr/x86_64-w64-mingw32/sys-root/mingw/lib/
COLLECT_GCC_OPTIONS='-v' '-o' 'cmTC_8468e.exe' '-mtune=generic' '-march=x86-64'
 /usr/lib/gcc/x86_64-w64-mingw32/10/collect2.exe -plugin /usr/lib/gcc/x86_64-w64-mingw32/10/cyglto_plugin.dll -plugin-opt=/usr/lib/gcc/x86_64-w64-mingw32/10/lto-wrapper.exe -plugin-opt=-fresolution=/cygdrive/c/Users/dehauf/AppData/Local/Temp/cc674VDf.res -plugin-opt=-pass-through=-lmingw32 -plugin-opt=-pass-through=-lgcc -plugin-opt=-pass-through=-lgcc_eh -plugin-opt=-pass-through=-lmoldname -plugin-opt=-pass-through=-lmingwex -plugin-opt=-pass-through=-lmsvcrt -plugin-opt=-pass-through=-lpthread -plugin-opt=-pass-through=-ladvapi32 -plugin-opt=-pass-through=-lshell32 -plugin-opt=-pass-through=-luser32 -plugin-opt=-pass-through=-lkernel32 -plugin-opt=-pass-through=-lmingw32 -plugin-opt=-pass-through=-lgcc -plugin-opt=-pass-through=-lgcc_eh -plugin-opt=-pass-through=-lmoldname -plugin-opt=-pass-through=-lmingwex -plugin-opt=-pass-through=-lmsvcrt --sysroot=/usr/x86_64-w64-mingw32/sys-root -m i386pep -Bdynamic -o cmTC_8468e.exe /usr/x86_64-w64-mingw32/sys-root/mingw/lib/../lib/crt2.o /usr/lib/gcc/x86_64-w64-mingw32/10/crtbegin.o -L/usr/lib/gcc/x86_64-w64-mingw32/10 -L/usr/lib/gcc/x86_64-w64-mingw32/10/../../../../x86_64-w64-mingw32/lib/../lib -L/usr/x86_64-w64-mingw32/sys-root/mingw/lib/../lib -L/usr/lib/gcc/x86_64-w64-mingw32/10/../../../../x86_64-w64-mingw32/lib -L/usr/x86_64-w64-mingw32/sys-root/mingw/lib --whole-archive CMakeFiles/cmTC_8468e.dir/objects.a --no-whole-archive --out-implib libcmTC_8468e.dll.a --major-image-version 0 --minor-image-version 0 -lmingw32 -lgcc -lgcc_eh -lmoldname -lmingwex -lmsvcrt -lpthread -ladvapi32 -lshell32 -luser32 -lkernel32 -lmingw32 -lgcc -lgcc_eh -lmoldname -lmingwex -lmsvcrt /usr/x86_64-w64-mingw32/sys-root/mingw/lib/../lib/default-manifest.o /usr/lib/gcc/x86_64-w64-mingw32/10/crtend.o
COLLECT_GCC_OPTIONS='-v' '-o' 'cmTC_8468e.exe' '-mtune=generic' '-march=x86-64'
make.exe[1]: Leaving directory `C:/Dev/C/quiz/build/CMakeFiles/CMakeTmp'



Parsed C implicit include dir info from above output: rv=done
  found start of include info
  found start of implicit include info
    add: [/usr/lib/gcc/x86_64-w64-mingw32/10/include]
    add: [/usr/lib/gcc/x86_64-w64-mingw32/10/include-fixed]
    add: [/usr/x86_64-w64-mingw32/sys-root/mingw/include]
  end of search list found
  collapse include dir [/usr/lib/gcc/x86_64-w64-mingw32/10/include] ==> [/usr/lib/gcc/x86_64-w64-mingw32/10/include]
  collapse include dir [/usr/lib/gcc/x86_64-w64-mingw32/10/include-fixed] ==> [/usr/lib/gcc/x86_64-w64-mingw32/10/include-fixed]
  collapse include dir [/usr/x86_64-w64-mingw32/sys-root/mingw/include] ==> [/usr/x86_64-w64-mingw32/sys-root/mingw/include]
  implicit include dirs: [/usr/lib/gcc/x86_64-w64-mingw32/10/include;/usr/lib/gcc/x86_64-w64-mingw32/10/include-fixed;/usr/x86_64-w64-mingw32/sys-root/mingw/include]


Parsed C implicit link information from above output:
  link line regex: [^( *|.*[/\])(x86_64-w64-mingw32-ld\.exe|CMAKE_LINK_STARTFILE-NOTFOUND|([^/\]+-)?ld|collect2)[^/\]*( |$)]
  ignore line: [Change Dir: C:/Dev/C/quiz/build/CMakeFiles/CMakeTmp]
  ignore line: []
  ignore line: [Run Build Command(s):C:/QNX650/host/win32/x86/usr/bin/make.exe cmTC_8468e/fast && C:/QNX650/host/win32/x86/usr/bin/make.exe  -f CMakeFiles/cmTC_8468e.dir/build.make CMakeFiles/cmTC_8468e.dir/build]
  ignore line: [make.exe[1]: Entering directory `C:/Dev/C/quiz/build/CMakeFiles/CMakeTmp']
  ignore line: [Building C object CMakeFiles/cmTC_8468e.dir/CMakeCCompilerABI.c.obj]
  ignore line: [C:/cygwin64/bin/x86_64-w64-mingw32-gcc.exe   -v -o CMakeFiles/cmTC_8468e.dir/CMakeCCompilerABI.c.obj -c "C:/Program Files/CMake/share/cmake-3.19/Modules/CMakeCCompilerABI.c"]
  ignore line: [Using built-in specs.]
  ignore line: [COLLECT_GCC=/usr/bin/x86_64-w64-mingw32-gcc]
  ignore line: [Target: x86_64-w64-mingw32]
  ignore line: [Configured with: /mnt/share/cygpkgs/mingw64-x86_64-gcc/mingw64-x86_64-gcc.x86_64/src/gcc-10.2.0/configure --srcdir=/mnt/share/cygpkgs/mingw64-x86_64-gcc/mingw64-x86_64-gcc.x86_64/src/gcc-10.2.0 --prefix=/usr --exec-prefix=/usr --localstatedir=/var --sysconfdir=/etc --docdir=/usr/share/doc/mingw64-x86_64-gcc --htmldir=/usr/share/doc/mingw64-x86_64-gcc/html -C --build=x86_64-pc-cygwin --host=x86_64-pc-cygwin --target=x86_64-w64-mingw32 --without-libiconv-prefix --without-libintl-prefix --with-sysroot=/usr/x86_64-w64-mingw32/sys-root --with-build-sysroot=/usr/x86_64-w64-mingw32/sys-root --disable-multilib --disable-win32-registry --enable-languages=c,c++,fortran,lto,objc,obj-c++ --enable-fully-dynamic-string --enable-graphite --enable-libgomp --enable-libquadmath --enable-libquadmath-support --enable-libssp --enable-version-specific-runtime-libs --enable-libgomp --enable-libada --with-dwarf2 --with-gcc-major-version-only --with-gnu-ld --with-gnu-as --with-tune=generic --with-cloog-include=/usr/include/cloog-isl --with-system-zlib --enable-threads=posix --libexecdir=/usr/lib]
  ignore line: [Thread model: posix]
  ignore line: [Supported LTO compression algorithms: zlib zstd]
  ignore line: [gcc version 10.2.0 (GCC) ]
  ignore line: [COLLECT_GCC_OPTIONS='-v' '-o' 'CMakeFiles/cmTC_8468e.dir/CMakeCCompilerABI.c.obj' '-c' '-mtune=generic' '-march=x86-64']
  ignore line: [ /usr/lib/gcc/x86_64-w64-mingw32/10/cc1.exe -quiet -v -D_REENTRANT C:/Program Files/CMake/share/cmake-3.19/Modules/CMakeCCompilerABI.c -quiet -dumpbase CMakeCCompilerABI.c -mtune=generic -march=x86-64 -auxbase-strip CMakeFiles/cmTC_8468e.dir/CMakeCCompilerABI.c.obj -version -o /cygdrive/c/Users/dehauf/AppData/Local/Temp/ccqWUXwc.s]
  ignore line: [GNU C17 (GCC) version 10.2.0 (x86_64-w64-mingw32)]
  ignore line: [	compiled by GNU C version 10.2.0  GMP version 6.2.0  MPFR version 4.1.0  MPC version 1.2.0  isl version isl-0.22.1-GMP]
  ignore line: []
  ignore line: [warning: GMP header version 6.2.0 differs from library version 6.2.1.]
  ignore line: [warning: MPC header version 1.2.0 differs from library version 1.2.1.]
  ignore line: [GGC heuristics: --param ggc-min-expand=100 --param ggc-min-heapsize=131072]
  ignore line: [ignoring nonexistent directory "/usr/x86_64-w64-mingw32/sys-root/usr/local/include"]
  ignore line: [ignoring nonexistent directory "/usr/lib/gcc/x86_64-w64-mingw32/10/../../../../x86_64-w64-mingw32/include"]
  ignore line: [#include "..." search starts here:]
  ignore line: [#include <...> search starts here:]
  ignore line: [ /usr/lib/gcc/x86_64-w64-mingw32/10/include]
  ignore line: [ /usr/lib/gcc/x86_64-w64-mingw32/10/include-fixed]
  ignore line: [ /usr/x86_64-w64-mingw32/sys-root/mingw/include]
  ignore line: [End of search list.]
  ignore line: [GNU C17 (GCC) version 10.2.0 (x86_64-w64-mingw32)]
  ignore line: [	compiled by GNU C version 10.2.0  GMP version 6.2.0  MPFR version 4.1.0  MPC version 1.2.0  isl version isl-0.22.1-GMP]
  ignore line: []
  ignore line: [warning: GMP header version 6.2.0 differs from library version 6.2.1.]
  ignore line: [warning: MPC header version 1.2.0 differs from library version 1.2.1.]
  ignore line: [GGC heuristics: --param ggc-min-expand=100 --param ggc-min-heapsize=131072]
  ignore line: [Compiler executable checksum: e05443907826694ad540d57ee4dffbf1]
  ignore line: [COLLECT_GCC_OPTIONS='-v' '-o' 'CMakeFiles/cmTC_8468e.dir/CMakeCCompilerABI.c.obj' '-c' '-mtune=generic' '-march=x86-64']
  ignore line: [ /usr/lib/gcc/x86_64-w64-mingw32/10/../../../../x86_64-w64-mingw32/bin/as.exe -v -o CMakeFiles/cmTC_8468e.dir/CMakeCCompilerABI.c.obj /cygdrive/c/Users/dehauf/AppData/Local/Temp/ccqWUXwc.s]
  ignore line: [GNU assembler version 2.35.2 (x86_64-w64-mingw32) using BFD version (GNU Binutils) 2.35.2]
  ignore line: [COMPILER_PATH=/usr/lib/gcc/x86_64-w64-mingw32/10/:/usr/lib/gcc/x86_64-w64-mingw32/10/:/usr/lib/gcc/x86_64-w64-mingw32/:/usr/lib/gcc/x86_64-w64-mingw32/10/:/usr/lib/gcc/x86_64-w64-mingw32/:/usr/lib/gcc/x86_64-w64-mingw32/10/../../../../x86_64-w64-mingw32/bin/]
  ignore line: [LIBRARY_PATH=/usr/lib/gcc/x86_64-w64-mingw32/10/:/usr/lib/gcc/x86_64-w64-mingw32/10/../../../../x86_64-w64-mingw32/lib/../lib/:/usr/x86_64-w64-mingw32/sys-root/mingw/lib/../lib/:/usr/lib/gcc/x86_64-w64-mingw32/10/../../../../x86_64-w64-mingw32/lib/:/usr/x86_64-w64-mingw32/sys-root/mingw/lib/]
  ignore line: [COLLECT_GCC_OPTIONS='-v' '-o' 'CMakeFiles/cmTC_8468e.dir/CMakeCCompilerABI.c.obj' '-c' '-mtune=generic' '-march=x86-64']
  ignore line: [Linking C executable cmTC_8468e.exe]
  ignore line: ["C:/Program Files/CMake/bin/cmake.exe" -E rm -f CMakeFiles/cmTC_8468e.dir/objects.a]
  ignore line: [C:/cygwin64/bin/x86_64-w64-mingw32-ar.exe cr CMakeFiles/cmTC_8468e.dir/objects.a @CMakeFiles/cmTC_8468e.dir/objects1.rsp]
  ignore line: [C:/cygwin64/bin/x86_64-w64-mingw32-gcc.exe  -v -Wl --whole-archive CMakeFiles/cmTC_8468e.dir/objects.a -Wl --no-whole-archive -o cmTC_8468e.exe -Wl --out-implib libcmTC_8468e.dll.a -Wl --major-image-version 0 --minor-image-version 0 ]
  ignore line: [Using built-in specs.]
  ignore line: [COLLECT_GCC=/usr/bin/x86_64-w64-mingw32-gcc]
  ignore line: [COLLECT_LTO_WRAPPER=/usr/lib/gcc/x86_64-w64-mingw32/10/lto-wrapper.exe]
  ignore line: [Target: x86_64-w64-mingw32]
  ignore line: [Configured with: /mnt/share/cygpkgs/mingw64-x86_64-gcc/mingw64-x86_64-gcc.x86_64/src/gcc-10.2.0/configure --srcdir=/mnt/share/cygpkgs/mingw64-x86_64-gcc/mingw64-x86_64-gcc.x86_64/src/gcc-10.2.0 --prefix=/usr --exec-prefix=/usr --localstatedir=/var --sysconfdir=/etc --docdir=/usr/share/doc/mingw64-x86_64-gcc --htmldir=/usr/share/doc/mingw64-x86_64-gcc/html -C --build=x86_64-pc-cygwin --host=x86_64-pc-cygwin --target=x86_64-w64-mingw32 --without-libiconv-prefix --without-libintl-prefix --with-sysroot=/usr/x86_64-w64-mingw32/sys-root --with-build-sysroot=/usr/x86_64-w64-mingw32/sys-root --disable-multilib --disable-win32-registry --enable-languages=c,c++,fortran,lto,objc,obj-c++ --enable-fully-dynamic-string --enable-graphite --enable-libgomp --enable-libquadmath --enable-libquadmath-support --enable-libssp --enable-version-specific-runtime-libs --enable-libgomp --enable-libada --with-dwarf2 --with-gcc-major-version-only --with-gnu-ld --with-gnu-as --with-tune=generic --with-cloog-include=/usr/include/cloog-isl --with-system-zlib --enable-threads=posix --libexecdir=/usr/lib]
  ignore line: [Thread model: posix]
  ignore line: [Supported LTO compression algorithms: zlib zstd]
  ignore line: [gcc version 10.2.0 (GCC) ]
  ignore line: [COMPILER_PATH=/usr/lib/gcc/x86_64-w64-mingw32/10/:/usr/lib/gcc/x86_64-w64-mingw32/10/:/usr/lib/gcc/x86_64-w64-mingw32/:/usr/lib/gcc/x86_64-w64-mingw32/10/:/usr/lib/gcc/x86_64-w64-mingw32/:/usr/lib/gcc/x86_64-w64-mingw32/10/../../../../x86_64-w64-mingw32/bin/]
  ignore line: [LIBRARY_PATH=/usr/lib/gcc/x86_64-w64-mingw32/10/:/usr/lib/gcc/x86_64-w64-mingw32/10/../../../../x86_64-w64-mingw32/lib/../lib/:/usr/x86_64-w64-mingw32/sys-root/mingw/lib/../lib/:/usr/lib/gcc/x86_64-w64-mingw32/10/../../../../x86_64-w64-mingw32/lib/:/usr/x86_64-w64-mingw32/sys-root/mingw/lib/]
  ignore line: [COLLECT_GCC_OPTIONS='-v' '-o' 'cmTC_8468e.exe' '-mtune=generic' '-march=x86-64']
  link line: [ /usr/lib/gcc/x86_64-w64-mingw32/10/collect2.exe -plugin /usr/lib/gcc/x86_64-w64-mingw32/10/cyglto_plugin.dll -plugin-opt=/usr/lib/gcc/x86_64-w64-mingw32/10/lto-wrapper.exe -plugin-opt=-fresolution=/cygdrive/c/Users/dehauf/AppData/Local/Temp/cc674VDf.res -plugin-opt=-pass-through=-lmingw32 -plugin-opt=-pass-through=-lgcc -plugin-opt=-pass-through=-lgcc_eh -plugin-opt=-pass-through=-lmoldname -plugin-opt=-pass-through=-lmingwex -plugin-opt=-pass-through=-lmsvcrt -plugin-opt=-pass-through=-lpthread -plugin-opt=-pass-through=-ladvapi32 -plugin-opt=-pass-through=-lshell32 -plugin-opt=-pass-through=-luser32 -plugin-opt=-pass-through=-lkernel32 -plugin-opt=-pass-through=-lmingw32 -plugin-opt=-pass-through=-lgcc -plugin-opt=-pass-through=-lgcc_eh -plugin-opt=-pass-through=-lmoldname -plugin-opt=-pass-through=-lmingwex -plugin-opt=-pass-through=-lmsvcrt --sysroot=/usr/x86_64-w64-mingw32/sys-root -m i386pep -Bdynamic -o cmTC_8468e.exe /usr/x86_64-w64-mingw32/sys-root/mingw/lib/../lib/crt2.o /usr/lib/gcc/x86_64-w64-mingw32/10/crtbegin.o -L/usr/lib/gcc/x86_64-w64-mingw32/10 -L/usr/lib/gcc/x86_64-w64-mingw32/10/../../../../x86_64-w64-mingw32/lib/../lib -L/usr/x86_64-w64-mingw32/sys-root/mingw/lib/../lib -L/usr/lib/gcc/x86_64-w64-mingw32/10/../../../../x86_64-w64-mingw32/lib -L/usr/x86_64-w64-mingw32/sys-root/mingw/lib --whole-archive CMakeFiles/cmTC_8468e.dir/objects.a --no-whole-archive --out-implib libcmTC_8468e.dll.a --major-image-version 0 --minor-image-version 0 -lmingw32 -lgcc -lgcc_eh -lmoldname -lmingwex -lmsvcrt -lpthread -ladvapi32 -lshell32 -luser32 -lkernel32 -lmingw32 -lgcc -lgcc_eh -lmoldname -lmingwex -lmsvcrt /usr/x86_64-w64-mingw32/sys-root/mingw/lib/../lib/default-manifest.o /usr/lib/gcc/x86_64-w64-mingw32/10/crtend.o]
    arg [/usr/lib/gcc/x86_64-w64-mingw32/10/collect2.exe] ==> ignore
    arg [-plugin] ==> ignore
    arg [/usr/lib/gcc/x86_64-w64-mingw32/10/cyglto_plugin.dll] ==> ignore
    arg [-plugin-opt=/usr/lib/gcc/x86_64-w64-mingw32/10/lto-wrapper.exe] ==> ignore
    arg [-plugin-opt=-fresolution=/cygdrive/c/Users/dehauf/AppData/Local/Temp/cc674VDf.res] ==> ignore
    arg [-plugin-opt=-pass-through=-lmingw32] ==> ignore
    arg [-plugin-opt=-pass-through=-lgcc] ==> ignore
    arg [-plugin-opt=-pass-through=-lgcc_eh] ==> ignore
    arg [-plugin-opt=-pass-through=-lmoldname] ==> ignore
    arg [-plugin-opt=-pass-through=-lmingwex] ==> ignore
    arg [-plugin-opt=-pass-through=-lmsvcrt] ==> ignore
    arg [-plugin-opt=-pass-through=-lpthread] ==> ignore
    arg [-plugin-opt=-pass-through=-ladvapi32] ==> ignore
    arg [-plugin-opt=-pass-through=-lshell32] ==> ignore
    arg [-plugin-opt=-pass-through=-luser32] ==> ignore
    arg [-plugin-opt=-pass-through=-lkernel32] ==> ignore
    arg [-plugin-opt=-pass-through=-lmingw32] ==> ignore
    arg [-plugin-opt=-pass-through=-lgcc] ==> ignore
    arg [-plugin-opt=-pass-through=-lgcc_eh] ==> ignore
    arg [-plugin-opt=-pass-through=-lmoldname] ==> ignore
    arg [-plugin-opt=-pass-through=-lmingwex] ==> ignore
    arg [-plugin-opt=-pass-through=-lmsvcrt] ==> ignore
    arg [--sysroot=/usr/x86_64-w64-mingw32/sys-root] ==> ignore
    arg [-m] ==> ignore
    arg [i386pep] ==> ignore
    arg [-Bdynamic] ==> ignore
    arg [-o] ==> ignore
    arg [cmTC_8468e.exe] ==> ignore
    arg [/usr/x86_64-w64-mingw32/sys-root/mingw/lib/../lib/crt2.o] ==> ignore
    arg [/usr/lib/gcc/x86_64-w64-mingw32/10/crtbegin.o] ==> ignore
    arg [-L/usr/lib/gcc/x86_64-w64-mingw32/10] ==> dir [/usr/lib/gcc/x86_64-w64-mingw32/10]
    arg [-L/usr/lib/gcc/x86_64-w64-mingw32/10/../../../../x86_64-w64-mingw32/lib/../lib] ==> dir [/usr/lib/gcc/x86_64-w64-mingw32/10/../../../../x86_64-w64-mingw32/lib/../lib]
    arg [-L/usr/x86_64-w64-mingw32/sys-root/mingw/lib/../lib] ==> dir [/usr/x86_64-w64-mingw32/sys-root/mingw/lib/../lib]
    arg [-L/usr/lib/gcc/x86_64-w64-mingw32/10/../../../../x86_64-w64-mingw32/lib] ==> dir [/usr/lib/gcc/x86_64-w64-mingw32/10/../../../../x86_64-w64-mingw32/lib]
    arg [-L/usr/x86_64-w64-mingw32/sys-root/mingw/lib] ==> dir [/usr/x86_64-w64-mingw32/sys-root/mingw/lib]
    arg [--whole-archive] ==> ignore
    arg [CMakeFiles/cmTC_8468e.dir/objects.a] ==> ignore
    arg [--no-whole-archive] ==> ignore
    arg [--out-implib] ==> ignore
    arg [libcmTC_8468e.dll.a] ==> ignore
    arg [--major-image-version] ==> ignore
    arg [0] ==> ignore
    arg [--minor-image-version] ==> ignore
    arg [0] ==> ignore
    arg [-lmingw32] ==> lib [mingw32]
    arg [-lgcc] ==> lib [gcc]
    arg [-lgcc_eh] ==> lib [gcc_eh]
    arg [-lmoldname] ==> lib [moldname]
    arg [-lmingwex] ==> lib [mingwex]
    arg [-lmsvcrt] ==> lib [msvcrt]
    arg [-lpthread] ==> lib [pthread]
    arg [-ladvapi32] ==> lib [advapi32]
    arg [-lshell32] ==> lib [shell32]
    arg [-luser32] ==> lib [user32]
    arg [-lkernel32] ==> lib [kernel32]
    arg [-lmingw32] ==> lib [mingw32]
    arg [-lgcc] ==> lib [gcc]
    arg [-lgcc_eh] ==> lib [gcc_eh]
    arg [-lmoldname] ==> lib [moldname]
    arg [-lmingwex] ==> lib [mingwex]
    arg [-lmsvcrt] ==> lib [msvcrt]
    arg [/usr/x86_64-w64-mingw32/sys-root/mingw/lib/../lib/default-manifest.o] ==> ignore
    arg [/usr/lib/gcc/x86_64-w64-mingw32/10/crtend.o] ==> ignore
  remove lib [gcc_eh]
  remove lib [msvcrt]
  remove lib [gcc_eh]
  remove lib [msvcrt]
  collapse library dir [/usr/lib/gcc/x86_64-w64-mingw32/10] ==> [/usr/lib/gcc/x86_64-w64-mingw32/10]
  collapse library dir [/usr/lib/gcc/x86_64-w64-mingw32/10/../../../../x86_64-w64-mingw32/lib/../lib] ==> [/usr/x86_64-w64-mingw32/lib]
  collapse library dir [/usr/x86_64-w64-mingw32/sys-root/mingw/lib/../lib] ==> [/usr/x86_64-w64-mingw32/sys-root/mingw/lib]
  collapse library dir [/usr/lib/gcc/x86_64-w64-mingw32/10/../../../../x86_64-w64-mingw32/lib] ==> [/usr/x86_64-w64-mingw32/lib]
  collapse library dir [/usr/x86_64-w64-mingw32/sys-root/mingw/lib] ==> [/usr/x86_64-w64-mingw32/sys-root/mingw/lib]
  implicit libs: [mingw32;gcc;moldname;mingwex;pthread;advapi32;shell32;user32;kernel32;mingw32;gcc;moldname;mingwex]
  implicit dirs: [/usr/lib/gcc/x86_64-w64-mingw32/10;/usr/x86_64-w64-mingw32/lib;/usr/x86_64-w64-mingw32/sys-root/mingw/lib]
  implicit fwks: []


